Release 14.7 - xst P.20131013 (nt64)
Copyright (c) 1995-2013 Xilinx, Inc.  All rights reserved.
--> Parameter TMPDIR set to xst/projnav.tmp


Total REAL time to Xst completion: 1.00 secs
Total CPU time to Xst completion: 0.18 secs
 
--> Parameter xsthdpdir set to xst


Total REAL time to Xst completion: 1.00 secs
Total CPU time to Xst completion: 0.18 secs
 
--> Reading design: mips.prj

TABLE OF CONTENTS
  1) Synthesis Options Summary
  2) HDL Parsing
  3) HDL Elaboration
  4) HDL Synthesis
       4.1) HDL Synthesis Report
  5) Advanced HDL Synthesis
       5.1) Advanced HDL Synthesis Report
  6) Low Level Synthesis
  7) Partition Report
  8) Design Summary
       8.1) Primitive and Black Box Usage
       8.2) Device utilization summary
       8.3) Partition Resource Summary
       8.4) Timing Report
            8.4.1) Clock Information
            8.4.2) Asynchronous Control Signals Information
            8.4.3) Timing Summary
            8.4.4) Timing Details
            8.4.5) Cross Clock Domains Report


=========================================================================
*                      Synthesis Options Summary                        *
=========================================================================
---- Source Parameters
Input File Name                    : "mips.prj"
Ignore Synthesis Constraint File   : NO

---- Target Parameters
Output File Name                   : "mips"
Output Format                      : NGC
Target Device                      : xc7a100t-3-csg324

---- Source Options
Top Module Name                    : mips
Automatic FSM Extraction           : YES
FSM Encoding Algorithm             : Auto
Safe Implementation                : No
FSM Style                          : LUT
RAM Extraction                     : Yes
RAM Style                          : Auto
ROM Extraction                     : Yes
Shift Register Extraction          : YES
ROM Style                          : Auto
Resource Sharing                   : YES
Asynchronous To Synchronous        : NO
Shift Register Minimum Size        : 2
Use DSP Block                      : Auto
Automatic Register Balancing       : No

---- Target Options
LUT Combining                      : Auto
Reduce Control Sets                : Auto
Add IO Buffers                     : YES
Global Maximum Fanout              : 100000
Add Generic Clock Buffer(BUFG)     : 32
Register Duplication               : YES
Optimize Instantiated Primitives   : NO
Use Clock Enable                   : Auto
Use Synchronous Set                : Auto
Use Synchronous Reset              : Auto
Pack IO Registers into IOBs        : Auto
Equivalent register Removal        : YES

---- General Options
Optimization Goal                  : Speed
Optimization Effort                : 1
Power Reduction                    : NO
Keep Hierarchy                     : No
Netlist Hierarchy                  : As_Optimized
RTL Output                         : Yes
Global Optimization                : AllClockNets
Read Cores                         : YES
Write Timing Constraints           : NO
Cross Clock Analysis               : NO
Hierarchy Separator                : /
Bus Delimiter                      : <>
Case Specifier                     : Maintain
Slice Utilization Ratio            : 100
BRAM Utilization Ratio             : 100
DSP48 Utilization Ratio            : 100
Auto BRAM Packing                  : NO
Slice Utilization Ratio Delta      : 5

=========================================================================


=========================================================================
*                          HDL Parsing                                  *
=========================================================================
Analyzing Verilog file "V:\Verilog\MIPSPipelined\register_file.v" into library work
Parsing module <register_files>.
Analyzing Verilog file "V:\Verilog\MIPSPipelined\program_counter.v" into library work
Parsing module <program_counter>.
Analyzing Verilog file "V:\Verilog\MIPSPipelined\pipeline_register.v" into library work
Parsing module <pipeline_register>.
Analyzing Verilog file "V:\Verilog\MIPSPipelined\instruction_fetch.v" into library work
Parsing module <instruction_fetch>.
Analyzing Verilog file "V:\Verilog\MIPSPipelined\forwarding_unit.v" into library work
Parsing module <forwarding_unit>.
Analyzing Verilog file "V:\Verilog\MIPSPipelined\exe.v" into library work
Parsing module <exe>.
Analyzing Verilog file "V:\Verilog\MIPSPipelined\control_unit.v" into library work
Parsing module <control_unit>.
Analyzing Verilog file "V:\Verilog\MIPSPipelined\branch.v" into library work
Parsing module <branch>.
Analyzing Verilog file "V:\Verilog\MIPSPipelined\mips.v" into library work
Parsing module <mips>.

=========================================================================
*                            HDL Elaboration                            *
=========================================================================

Elaborating module <mips>.

Elaborating module <program_counter>.
WARNING:HDLCompiler:413 - "V:\Verilog\MIPSPipelined\program_counter.v" Line 12: Result of 9-bit expression is truncated to fit in 8-bit target.

Elaborating module <instruction_fetch>.
WARNING:HDLCompiler:634 - "V:\Verilog\MIPSPipelined\instruction_fetch.v" Line 12: Net <instruction_file[7][7]> does not have a driver.

Elaborating module <pipeline_register>.
WARNING:HDLCompiler:189 - "V:\Verilog\MIPSPipelined\mips.v" Line 34: Size mismatch in connection of port <data>. Formal port size is 8-bit while actual signal size is 32-bit.
WARNING:HDLCompiler:1127 - "V:\Verilog\MIPSPipelined\mips.v" Line 35: Assignment to if_empty ignored, since the identifier is never used

Elaborating module <register_files>.

Elaborating module <exe>.
WARNING:HDLCompiler:1127 - "V:\Verilog\MIPSPipelined\mips.v" Line 75: Assignment to exe_rSrc ignored, since the identifier is never used

Elaborating module <control_unit>.

Elaborating module <forwarding_unit>.

Elaborating module <branch>.
WARNING:Xst:2972 - "V:\Verilog\MIPSPipelined\mips.v" line 30. All outputs of instance <pc> of block <program_counter> are unconnected in block <mips>. Underlying logic will be removed.
WARNING:Xst:2972 - "V:\Verilog\MIPSPipelined\mips.v" line 32. All outputs of instance <i_f> of block <instruction_fetch> are unconnected in block <mips>. Underlying logic will be removed.
WARNING:Xst:2972 - "V:\Verilog\MIPSPipelined\mips.v" line 34. All outputs of instance <if_id> of block <pipeline_register> are unconnected in block <mips>. Underlying logic will be removed.
WARNING:Xst:2972 - "V:\Verilog\MIPSPipelined\mips.v" line 37. All outputs of instance <rf> of block <register_files> are unconnected in block <mips>. Underlying logic will be removed.
WARNING:Xst:2972 - "V:\Verilog\MIPSPipelined\mips.v" line 39. All outputs of instance <id_ex> of block <pipeline_register> are unconnected in block <mips>. Underlying logic will be removed.
WARNING:Xst:2972 - "V:\Verilog\MIPSPipelined\mips.v" line 72. All outputs of instance <al> of block <exe> are unconnected in block <mips>. Underlying logic will be removed.
WARNING:Xst:2972 - "V:\Verilog\MIPSPipelined\mips.v" line 74. All outputs of instance <ex_wb> of block <pipeline_register> are unconnected in block <mips>. Underlying logic will be removed.
WARNING:Xst:2972 - "V:\Verilog\MIPSPipelined\mips.v" line 80. All outputs of instance <cu> of block <control_unit> are unconnected in block <mips>. Underlying logic will be removed.
WARNING:Xst:2972 - "V:\Verilog\MIPSPipelined\mips.v" line 83. All outputs of instance <fu> of block <forwarding_unit> are unconnected in block <mips>. Underlying logic will be removed.
WARNING:Xst:2972 - "V:\Verilog\MIPSPipelined\mips.v" line 85. All outputs of instance <b> of block <branch> are unconnected in block <mips>. Underlying logic will be removed.

=========================================================================
*                           HDL Synthesis                               *
=========================================================================

Synthesizing Unit <mips>.
    Related source file is "V:\Verilog\MIPSPipelined\mips.v".
INFO:Xst:3210 - "V:\Verilog\MIPSPipelined\mips.v" line 34: Output port <reg_data> of the instance <if_id> is unconnected or connected to loadless signal.
INFO:Xst:3210 - "V:\Verilog\MIPSPipelined\mips.v" line 74: Output port <reg_src> of the instance <ex_wb> is unconnected or connected to loadless signal.
INFO:Xst:3210 - "V:\Verilog\MIPSPipelined\mips.v" line 74: Output port <im_da> of the instance <ex_wb> is unconnected or connected to loadless signal.
INFO:Xst:3210 - "V:\Verilog\MIPSPipelined\mips.v" line 74: Output port <pja> of the instance <ex_wb> is unconnected or connected to loadless signal.
    Summary:
	no macro.
Unit <mips> synthesized.

=========================================================================
HDL Synthesis Report

Found no macro
=========================================================================

=========================================================================
*                       Advanced HDL Synthesis                          *
=========================================================================


=========================================================================
Advanced HDL Synthesis Report

Found no macro
=========================================================================

=========================================================================
*                         Low Level Synthesis                           *
=========================================================================

Optimizing unit <mips> ...

Mapping all equations...
Building and optimizing final netlist ...
Found area constraint ratio of 100 (+ 5) on block mips, actual ratio is 0.

Final Macro Processing ...

=========================================================================
Final Register Report

Found no macro
=========================================================================

=========================================================================
*                           Partition Report                            *
=========================================================================

Partition Implementation Status
-------------------------------

  No Partitions were found in this design.

-------------------------------

=========================================================================
*                            Design Summary                             *
=========================================================================

Top Level Output File Name         : mips.ngc

Primitive and Black Box Usage:
------------------------------

Device utilization summary:
---------------------------

Selected Device : 7a100tcsg324-3 


Slice Logic Utilization: 

Slice Logic Distribution: 
 Number of LUT Flip Flop pairs used:      0
   Number with an unused Flip Flop:       0  out of      0         
   Number with an unused LUT:             0  out of      0         
   Number of fully used LUT-FF pairs:     0  out of      0         
   Number of unique control sets:         0

IO Utilization: 
 Number of IOs:                           2
 Number of bonded IOBs:                   0  out of    210     0%  

Specific Feature Utilization:

---------------------------
Partition Resource Summary:
---------------------------

  No Partitions were found in this design.

---------------------------


=========================================================================
Timing Report

NOTE: THESE TIMING NUMBERS ARE ONLY A SYNTHESIS ESTIMATE.
      FOR ACCURATE TIMING INFORMATION PLEASE REFER TO THE TRACE REPORT
      GENERATED AFTER PLACE-and-ROUTE.

Clock Information:
------------------
No clock signals found in this design

Asynchronous Control Signals Information:
----------------------------------------
No asynchronous control signals found in this design

Timing Summary:
---------------
Speed Grade: -3

   Minimum period: No path found
   Minimum input arrival time before clock: No path found
   Maximum output required time after clock: No path found
   Maximum combinational path delay: No path found

Timing Details:
---------------
All values displayed in nanoseconds (ns)

=========================================================================

Cross Clock Domains Report:
--------------------------

=========================================================================


Total REAL time to Xst completion: 14.00 secs
Total CPU time to Xst completion: 13.81 secs
 
--> 

Total memory usage is 4653224 kilobytes

Number of errors   :    0 (   0 filtered)
Number of warnings :   15 (   0 filtered)
Number of infos    :    4 (   0 filtered)

