Command line:
   tb_mips_isim_beh.exe
     -simmode  gui
     -simrunnum  0
     -socket  7381

Mon Apr 22 22:45:02 2019


 Elaboration Time: 0.53125 sec

 Current Memory Usage: 5828.3 Meg

 Total Signals          : 97
 Total Nets             : 202
 Total Signal Drivers   : 44
 Total Blocks           : 13
 Total Primitive Blocks : 11
 Total Processes        : 61
 Total Traceable Variables  : 60
 Total Scalar Nets and Variables : 607
Total Line Count : 159

 Total Simulation Time: 0.796875 sec

 Current Memory Usage: 5199.11 Meg

Mon Apr 22 22:49:58 2019

